cl : command line warning D9035: option 'Gm' has been deprecated and will be removed in a future release
  Snake.cpp
  Save.cpp
  RollDiceAction.cpp
  PlayMode.cpp
  Main.cpp
  Player.cpp
  PasteCard.cpp
  Output.cpp
  NewGame.cpp
  Load.cpp
  Ladder.cpp
  InputDiceValueAction.cpp
  Input.cpp
  Grid.cpp
  GameObject.cpp
  DesignMode.cpp
  DeleteGameObject.cpp
  CutCard.cpp
  CopyCard.cpp
  windowinput.cpp
  Generating Code...
C:\Users\LAPTOP\Desktop\snake-ladder-game\code\Grid.cpp(183): warning C4715: 'Grid::GetCurrentPlayerNum': not all control paths return a value
C:\Users\LAPTOP\Desktop\snake-ladder-game\code\Input.cpp(164): warning C4715: 'Input::GetUserAction': not all control paths return a value
  Compiling...
  mousequeue.cpp
  keyqueue.cpp
  image.cpp
C:\Users\LAPTOP\Desktop\snake-ladder-game\code\CMUgraphicsLib\image.cpp(115,29): warning C4018: '<': signed/unsigned mismatch
  colors.cpp
  CMUgraphics.cpp
C:\Users\LAPTOP\Desktop\snake-ladder-game\code\CMUgraphicsLib\CMUgraphics.cpp(257,9): warning C4101: 'iX': unreferenced local variable
C:\Users\LAPTOP\Desktop\snake-ladder-game\code\CMUgraphicsLib\CMUgraphics.cpp(257,13): warning C4101: 'iY': unreferenced local variable
C:\Users\LAPTOP\Desktop\snake-ladder-game\code\CMUgraphicsLib\CMUgraphics.cpp(751,3): warning C4996: 'strcpy': This function or variable may be unsafe. Consider using strcpy_s instead. To disable deprecation, use _CRT_SECURE_NO_WARNINGS. See online help for details.
C:\Users\LAPTOP\Desktop\snake-ladder-game\code\CMUgraphicsLib\CMUgraphics.cpp(1164,2): warning C4996: 'sprintf': This function or variable may be unsafe. Consider using sprintf_s instead. To disable deprecation, use _CRT_SECURE_NO_WARNINGS. See online help for details.
C:\Users\LAPTOP\Desktop\snake-ladder-game\code\CMUgraphicsLib\CMUgraphics.cpp(1171,2): warning C4996: 'sprintf': This function or variable may be unsafe. Consider using sprintf_s instead. To disable deprecation, use _CRT_SECURE_NO_WARNINGS. See online help for details.
C:\Users\LAPTOP\Desktop\snake-ladder-game\code\CMUgraphicsLib\CMUgraphics.cpp(1202,2): warning C4996: 'sprintf': This function or variable may be unsafe. Consider using sprintf_s instead. To disable deprecation, use _CRT_SECURE_NO_WARNINGS. See online help for details.
C:\Users\LAPTOP\Desktop\snake-ladder-game\code\CMUgraphicsLib\CMUgraphics.cpp(1210,2): warning C4996: 'sprintf': This function or variable may be unsafe. Consider using sprintf_s instead. To disable deprecation, use _CRT_SECURE_NO_WARNINGS. See online help for details.
C:\Users\LAPTOP\Desktop\snake-ladder-game\code\CMUgraphicsLib\CMUgraphics.cpp(1357,23): warning C4018: '>': signed/unsigned mismatch
  auxil.cpp
  CellPosition.cpp
  Cell.cpp
  CardTwo.cpp
  CardThree.cpp
  CardSix.cpp
  CardOne.cpp
  CardFour.cpp
  CardFive.cpp
  Card9.cpp
  Card8.cpp
  Card7.cpp
  Card12.cpp
  Card11.cpp
  Card10.cpp
  Generating Code...
  Compiling...
  Card.cpp
  ApplicationManager.cpp
  AddSnakeAction.cpp
  AddLadderAction.cpp
  AddCardAction.cpp
  Action.cpp
  Generating Code...
cl : command line warning D9035: option 'Gm' has been deprecated and will be removed in a future release
  jutils.c
  jquant2.c
  jquant1.c
  jmemnobs.c
  jmemmgr.c
C:\Users\LAPTOP\Desktop\snake-ladder-game\code\CMUgraphicsLib\jpeg\jmemmgr.c(1103,19): warning C4996: 'getenv': This function or variable may be unsafe. Consider using _dupenv_s instead. To disable deprecation, use _CRT_SECURE_NO_WARNINGS. See online help for details.
C:\Users\LAPTOP\Desktop\snake-ladder-game\code\CMUgraphicsLib\jpeg\jmemmgr.c(1106,11): warning C4996: 'sscanf': This function or variable may be unsafe. Consider using sscanf_s instead. To disable deprecation, use _CRT_SECURE_NO_WARNINGS. See online help for details.
  jidctred.c
  jidctint.c
  jidctfst.c
  jidctflt.c
  jerror.c
C:\Users\LAPTOP\Desktop\snake-ladder-game\code\CMUgraphicsLib\jpeg\jerror.c(169,5): warning C4996: 'sprintf': This function or variable may be unsafe. Consider using sprintf_s instead. To disable deprecation, use _CRT_SECURE_NO_WARNINGS. See online help for details.
C:\Users\LAPTOP\Desktop\snake-ladder-game\code\CMUgraphicsLib\jpeg\jerror.c(171,5): warning C4996: 'sprintf': This function or variable may be unsafe. Consider using sprintf_s instead. To disable deprecation, use _CRT_SECURE_NO_WARNINGS. See online help for details.
  jdtrans.c
  jdsample.c
  jdpostct.c
  jdphuff.c
  jdmerge.c
  jdmaster.c
  jdmarker.c
  jdmainct.c
  jdinput.c
  jdhuff.c
  Generating Code...
  Compiling...
  jddctmgr.c
  jdcolor.c
  jdcoefct.c
  jdatasrc.c
  jdapistd.c
  jdapimin.c
  jcparam.c
  jcomapi.c
  jpegload.c
C:\Users\LAPTOP\Desktop\snake-ladder-game\code\CMUgraphicsLib\jpegload.c(23,12): warning C4996: 'fopen': This function or variable may be unsafe. Consider using fopen_s instead. To disable deprecation, use _CRT_SECURE_NO_WARNINGS. See online help for details.
  Generating Code...
Action.obj : warning LNK4075: ignoring '/EDITANDCONTINUE' due to '/SAFESEH' specification
  PT-Project.vcxproj -> C:\Users\LAPTOP\Desktop\snake-ladder-game\code\Debug\PT Project.exe
